2020-05-12 17:00:49,267 - INFO - 清除"用例集合"工作表测试结果中，请稍等....
2020-05-12 17:00:50,216 - INFO - 清除"登录"工作表测试结果中，请稍等...
2020-05-12 17:00:51,192 - INFO - 清除"Sheet1"工作表测试结果中，请稍等...
2020-05-12 17:00:52,158 - INFO - 选择的浏览器为:FireFox浏览器
2020-05-12 17:00:59,905 - INFO - 启动火狐浏览器
2020-05-12 17:00:59,906 - INFO - 进入http://zs-beta.cntracechain.com/#/login
2020-05-12 17:01:03,264 - INFO - 输入框输入gaoyuan
2020-05-12 17:01:03,576 - INFO - 通过css定位元素#login > section > main > div > div.el-col.el-col-10 > div > div > div.login1 > form > div > div:nth-child(2) > div > div > input
2020-05-12 17:01:03,733 - INFO - 步骤"输入账号"执行成功
2020-05-12 17:01:04,693 - INFO - 输入框输入zs123456
2020-05-12 17:01:04,749 - INFO - 通过css定位元素#login > section > main > div > div.el-col.el-col-10 > div > div > div.login1 > form > div > div:nth-child(3) > div > div > input
2020-05-12 17:01:04,852 - INFO - 步骤"输入密码"执行成功
2020-05-12 17:01:05,541 - INFO - 点击元素：#login > section > main > div > div.el-col.el-col-10 > div > div > div.login1 > form > div > div:nth-child(5) > div > button
2020-05-12 17:01:05,569 - INFO - 通过css定位元素#login > section > main > div > div.el-col.el-col-10 > div > div > div.login1 > form > div > div:nth-child(5) > div > button
2020-05-12 17:01:05,980 - INFO - 步骤"点击登录"执行成功
2020-05-12 17:01:06,756 - INFO - 休眠2秒
2020-05-12 17:01:08,759 - INFO - 步骤"休眠"执行成功
2020-05-12 17:01:09,320 - INFO - 点击元素：/html/body/div/div/section/section/div/div/main/div[2]/div[1]/div[2]/div[1]/span[1]
2020-05-12 17:01:10,020 - INFO - 通过xpath定位元素/html/body/div/div/section/section/div/div/main/div[2]/div[1]/div[2]/div[1]/span[1]
2020-05-12 17:01:11,160 - INFO - 步骤"点击商家资料"执行成功
2020-05-12 17:01:12,390 - INFO - 休眠2秒
2020-05-12 17:01:14,391 - INFO - 步骤"休眠"执行成功
2020-05-12 17:01:15,047 - INFO - 点击元素：/html/body/div/div/section/section/div/div/main/div[2]/div[1]/button/span
2020-05-12 17:01:15,338 - INFO - 通过xpath定位元素/html/body/div/div/section/section/div/div/main/div[2]/div[1]/button/span
2020-05-12 17:01:16,289 - INFO - 步骤"点击编辑"执行成功
2020-05-12 17:01:16,669 - INFO - 输入框输入编辑商家资料
2020-05-12 17:01:16,753 - INFO - 通过xpath定位元素/html/body/div[1]/div/section/section/div/div/main/div[2]/div[2]/div[1]/div[2]/div/input
2020-05-12 17:01:16,805 - INFO - 步骤"编辑商家资料"执行成功
2020-05-12 17:01:17,232 - INFO - 输入框输入编辑商家地址
2020-05-12 17:01:17,334 - INFO - 通过xpath定位元素/html/body/div[1]/div/section/section/div/div/main/div[2]/div[2]/div[4]/div[2]/div/input
2020-05-12 17:01:17,589 - INFO - 步骤"编辑商家地址"执行成功
2020-05-12 17:01:18,134 - INFO - 输入框输入编辑经营品种
2020-05-12 17:01:18,464 - INFO - 通过xpath定位元素/html/body/div[1]/div/section/section/div/div/main/div[2]/div[2]/div[4]/div[4]/div/textarea
2020-05-12 17:01:18,575 - INFO - 步骤"编辑经营品种"执行成功
2020-05-12 17:01:18,990 - INFO - 输入框输入编辑法人代表
2020-05-12 17:01:19,147 - INFO - 通过xpath定位元素/html/body/div[1]/div/section/section/div/div/main/div[2]/div[2]/div[5]/div[2]/div/input
2020-05-12 17:01:19,240 - INFO - 步骤"编辑法人代表"执行成功
2020-05-12 17:01:19,847 - INFO - 输入框输入13211111111
2020-05-12 17:01:20,215 - INFO - 通过xpath定位元素/html/body/div/div/section/section/div/div/main/div[2]/div[2]/div[5]/div[4]/div/input
2020-05-12 17:01:20,528 - INFO - 步骤"编辑电话号码"执行成功
2020-05-12 17:01:21,213 - INFO - 输入框输入www.baidu.com
2020-05-12 17:01:21,228 - INFO - 通过xpath定位元素/html/body/div/div/section/section/div/div/main/div[2]/div[2]/div[7]/div[2]/div/input
2020-05-12 17:01:21,722 - INFO - 步骤"编辑销售网址"执行成功
2020-05-12 17:01:22,949 - INFO - 输入框输入编辑商家介绍
2020-05-12 17:01:23,900 - INFO - 通过xpath定位元素/html/body/div/div/section/section/div/div/main/div[2]/div[2]/div[8]/div[2]/div/textarea
2020-05-12 17:01:24,568 - INFO - 步骤"编辑商家介绍"执行成功
2020-05-12 17:01:25,165 - INFO - 点击元素：/html/body/div/div/section/section/div/div/main/div[2]/div[2]/div[14]/button[2]/span
2020-05-12 17:01:26,049 - INFO - 通过xpath定位元素/html/body/div/div/section/section/div/div/main/div[2]/div[2]/div[14]/button[2]/span
2020-05-12 17:01:26,993 - INFO - 步骤"取消"执行成功
2020-05-12 17:01:29,206 - INFO - 休眠2秒
2020-05-12 17:01:31,209 - INFO - 步骤"休眠"执行成功
2020-05-12 17:01:32,368 - INFO - 关闭浏览器
2020-05-12 17:01:35,980 - INFO - 正在写入测试结果，请勿关闭界面...
2020-05-12 17:01:39,309 - INFO - 用例测试结束
